<?xml version="1.0" encoding="UTF-8"?>
<!-- Generated by org.testng.reporters.JUnitReportReporter -->
<testsuite hostname="SHIKOTDELL" failures="0" tests="1" name="seleniumFirstClass.seleniumFirstClass" time="12.625" errors="0" timestamp="2023-09-18T23:56:19 EDT" skipped="0">
  <testcase classname="seleniumFirstClass.seleniumFirstClass" name="testNGTest" time="12.625"/>
</testsuite> <!-- seleniumFirstClass.seleniumFirstClass -->
