<?xml version="1.0" encoding="UTF-8"?>
<!-- Generated by org.testng.reporters.JUnitReportReporter -->
<testsuite hostname="SHIKOTDELL" failures="0" tests="1" name="base.Testbase" time="2.983" errors="0" timestamp="2023-10-11T18:11:19 EDT" skipped="0">
  <testcase classname="base.Testbase" name="beforeMethod" time="2.983"/>
  <system-out/>
</testsuite> <!-- base.Testbase -->
